#
# A fatal error has been detected by the Java Runtime Environment:
#
#  Internal Error (javaClasses.cpp:136), pid=4708, tid=5224
#  fatal error: Invalid layout of preloaded class
#
# JRE version:  (7.0_55-b13) (build )
# Java VM: Java HotSpot(TM) 64-Bit Server VM (24.55-b03 mixed mode windows-amd64 compressed oops)
# Failed to write core dump. Minidumps are not enabled by default on client versions of Windows
#
# If you would like to submit a bug report, please visit:
#   http://bugreport.sun.com/bugreport/crash.jsp
#

---------------  T H R E A D  ---------------

Current thread (0x0000000001d7e000):  JavaThread "Unknown thread" [_thread_in_vm, id=5224, stack(0x00000000024b0000,0x00000000025b0000)]

Stack: [0x00000000024b0000,0x00000000025b0000]

---------------  P R O C E S S  ---------------

Java Threads: ( => current thread )

Other Threads:

=>0x0000000001d7e000 (exited) JavaThread "Unknown thread" [_thread_in_vm, id=5224, stack(0x00000000024b0000,0x00000000025b0000)]

VM state:not at safepoint (not fully initialized)

VM Mutex/Monitor currently owned by a thread: None

GC Heap History (0 events):
No events

Deoptimization events (0 events):
No events

Internal exceptions (0 events):
No events

Events (10 events):
Event: 0.558 loading class 0x00000000020ed2f0 done
Event: 0.570 loading class 0x00000000020ecd10 done
Event: 0.570 loading class 0x00000000020eccf0
Event: 0.570 loading class 0x00000000020f4df0
Event: 0.570 loading class 0x00000000020f4df0 done
Event: 0.570 loading class 0x00000000020f4e20
Event: 0.570 loading class 0x00000000020f4e20 done
Event: 0.570 loading class 0x00000000020f4e50
Event: 0.570 loading class 0x00000000020f4e50 done
Event: 0.570 loading class 0x00000000020eccf0 done


Dynamic libraries:
0x000000013ffe0000 - 0x0000000140013000 	C:\Program Files\Java\jre7\bin\javaw.exe
0x0000000076de0000 - 0x0000000076f89000 	C:\Windows\SYSTEM32\ntdll.dll
0x0000000076cc0000 - 0x0000000076ddf000 	C:\Windows\system32\kernel32.dll
0x000007fefcd20000 - 0x000007fefcd8c000 	C:\Windows\system32\KERNELBASE.dll
0x000007fefe610000 - 0x000007fefe6eb000 	C:\Windows\system32\ADVAPI32.dll
0x000007fefead0000 - 0x000007fefeb6f000 	C:\Windows\system32\msvcrt.dll
0x000007fefe0b0000 - 0x000007fefe0cf000 	C:\Windows\SYSTEM32\sechost.dll
0x000007fefee50000 - 0x000007fefef7d000 	C:\Windows\system32\RPCRT4.dll
0x0000000076bc0000 - 0x0000000076cba000 	C:\Windows\system32\USER32.dll
0x000007fefd1b0000 - 0x000007fefd217000 	C:\Windows\system32\GDI32.dll
0x000007fefd060000 - 0x000007fefd06e000 	C:\Windows\system32\LPK.dll
0x000007fefd250000 - 0x000007fefd319000 	C:\Windows\system32\USP10.dll
0x000007fefb450000 - 0x000007fefb644000 	C:\Windows\WinSxS\amd64_microsoft.windows.common-controls_6595b64144ccf1df_6.0.7601.17514_none_fa396087175ac9ac\COMCTL32.dll
0x000007fefe4d0000 - 0x000007fefe541000 	C:\Windows\system32\SHLWAPI.dll
0x000007fefd220000 - 0x000007fefd24e000 	C:\Windows\system32\IMM32.DLL
0x000007fefefe0000 - 0x000007feff0e9000 	C:\Windows\system32\MSCTF.dll
0x0000000057070000 - 0x0000000057142000 	C:\Program Files\Java\jre7\bin\msvcr100.dll
0x00000000564e0000 - 0x0000000056ca9000 	C:\Program Files\Java\jre7\bin\server\jvm.dll
0x000007fef78b0000 - 0x000007fef78b9000 	C:\Windows\system32\WSOCK32.dll
0x000007fefd070000 - 0x000007fefd0bd000 	C:\Windows\system32\WS2_32.dll
0x000007fefd0c0000 - 0x000007fefd0c8000 	C:\Windows\system32\NSI.dll
0x000007fefcce0000 - 0x000007fefcd1b000 	C:\Windows\system32\WINMM.dll
0x0000000076fb0000 - 0x0000000076fb7000 	C:\Windows\system32\PSAPI.DLL
0x00000000744d0000 - 0x00000000744df000 	C:\Program Files\Java\jre7\bin\verify.dll
0x000000005c300000 - 0x000000005c328000 	C:\Program Files\Java\jre7\bin\java.dll
0x000000005c5b0000 - 0x000000005c5c5000 	C:\Program Files\Java\jre7\bin\zip.dll

VM Arguments:
jvm_args: -Dfile.encoding=UTF-8 -Xbootclasspath:D:\softRoot\adt-bundle-windows-x86_64-20131030\sdk\platforms\android-19\android.jar 
java_command: com.diyal.app.test.httpTest
Launcher Type: SUN_STANDARD

Environment Variables:
JAVA_HOME=C:\Program Files\Java\jdk1.6.0_45
CLASSPATH=.C:\Program Files\Java\jdk1.6.0_45\lib;C:\Program Files\Java\jdk1.6.0_45\lib\tools.jar
PATH=C:/Program Files/Java/jdk1.7.0_55/bin/../jre/bin/server;C:/Program Files/Java/jdk1.7.0_55/bin/../jre/bin;C:/Program Files/Java/jdk1.7.0_55/bin/../jre/lib/amd64;C:\Program Files (x86)\GtkSharp\2.12\bin;C:\Program Files\Java\jdk1.7.0_55\bin;D:\softRoot\adt-bundle-windows-x86_64-20131030\sdk\tools;D:\softRoot\adt-bundle-windows-x86_64-20131030\sdk\platform-tools;C:\Program Files\Java\jdk1.6.0_45\bin;C:\Program Files\Java\jdk1.6.0_45\jre\bin;C:\Program Files (x86)\NVIDIA Corporation\PhysX\Common;C:\Program Files (x86)\Intel\iCLS Client\;C:\Program Files\Intel\iCLS Client\;C:\Windows\system32;C:\Windows;C:\Windows\System32\Wbem;C:\Windows\System32\WindowsPowerShell\v1.0\;C:\Program Files\Intel\Intel(R) Management Engine Components\DAL;C:\Program Files\Intel\Intel(R) Management Engine Components\IPT;C:\Program Files (x86)\Intel\Intel(R) Management Engine Components\DAL;C:\Program Files (x86)\Intel\Intel(R) Management Engine Components\IPT;C:\Program Files (x86)\Intel\OpenCL SDK\3.0\bin\x86;C:\Program Files (x86)\Intel\OpenCL SDK\3.0\bin\x64;C:\Program Files\TortoiseSVN\bin;0X0.000000P-1022NDROID_SDK_HOME\tools;D:\softRoot\mysql\bin;D:\php5.2.6;D:\php5.2.6\ext;C:\Program Files (x86)\Windows Kits\8.1\Windows Performance Toolkit\;C:\Program Files\Microsoft SQL Server\110\Tools\Binn\;D:\softRoot\Cocos\frameworks\cocos2d-x\tools\cocos2d-console\bin;;C:\Python27;D:\softRoot\adt-bundle-windows-x86_64-20131030\eclipse;
USERNAME=ASUS
OS=Windows_NT
PROCESSOR_IDENTIFIER=Intel64 Family 6 Model 58 Stepping 9, GenuineIntel



---------------  S Y S T E M  ---------------

OS: Windows 7 , 64 bit Build 7601 Service Pack 1

CPU:total 4 (2 cores per cpu, 2 threads per core) family 6 model 58 stepping 9, cmov, cx8, fxsr, mmx, sse, sse2, sse3, ssse3, sse4.1, sse4.2, popcnt, avx, aes, erms, ht, tsc, tscinvbit, tscinv

Memory: 4k page, physical 8271552k(4575716k free), swap 16541248k(12281980k free)

vm_info: Java HotSpot(TM) 64-Bit Server VM (24.55-b03) for windows-amd64 JRE (1.7.0_55-b13), built on Mar 17 2014 19:45:30 by "java_re" with unknown MS VC++:1600

time: Thu Apr 09 01:02:30 2015
elapsed time: 0 seconds

